# JRE version: OpenJDK Runtime Environment (8.0_152-b01) (build 1.8.0_152-release-1343-b01)
# Java VM: OpenJDK 64-Bit Server VM (25.152-b01 mixed mode windows-amd64 compressed oops)
Heap:
 PSYoungGen      total 490496K, used 221988K [0x00000000e0000000, 0x0000000100000000, 0x0000000100000000)
  eden space 456704K, 47% used [0x00000000e0000000,0x00000000ed55f898,0x00000000fbe00000)
  from space 33792K, 10% used [0x00000000fbe00000,0x00000000fc169860,0x00000000fdf00000)
  to   space 33792K, 0% used [0x00000000fdf00000,0x00000000fdf00000,0x0000000100000000)
 ParOldGen       total 129536K, used 106958K [0x00000000a0000000, 0x00000000a7e80000, 0x00000000e0000000)
  object space 129536K, 82% used [0x00000000a0000000,0x00000000a6873840,0x00000000a7e80000)
 Metaspace       used 82493K, capacity 86100K, committed 86360K, reserved 1124352K
  class space    used 10823K, capacity 11535K, committed 11608K, reserved 1048576K
GC Heap History (10 events):
Event: 21.791 GC heap before
{Heap before GC invocations=22 (full 3):
 PSYoungGen      total 349184K, used 329870K [0x00000000e0000000, 0x00000000f7a00000, 0x0000000100000000)
  eden space 313344K, 100% used [0x00000000e0000000,0x00000000f3200000,0x00000000f3200000)
  from space 35840K, 46% used [0x00000000f5380000,0x00000000f63a3be8,0x00000000f7680000)
  to   space 34304K, 0% used [0x00000000f3200000,0x00000000f3200000,0x00000000f5380000)
 ParOldGen       total 129536K, used 91186K [0x00000000a0000000, 0x00000000a7e80000, 0x00000000e0000000)
  object space 129536K, 70% used [0x00000000a0000000,0x00000000a590c9b8,0x00000000a7e80000)
 Metaspace       used 79767K, capacity 83034K, committed 83160K, reserved 1122304K
  class space    used 10540K, capacity 11180K, committed 11224K, reserved 1048576K
Event: 21.807 GC heap after
Heap after GC invocations=22 (full 3):
 PSYoungGen      total 347648K, used 3088K [0x00000000e0000000, 0x00000000fbe00000, 0x0000000100000000)
  eden space 313344K, 0% used [0x00000000e0000000,0x00000000e0000000,0x00000000f3200000)
  from space 34304K, 9% used [0x00000000f3200000,0x00000000f3504030,0x00000000f5380000)
  to   space 34816K, 0% used [0x00000000f9c00000,0x00000000f9c00000,0x00000000fbe00000)
 ParOldGen       total 129536K, used 102065K [0x00000000a0000000, 0x00000000a7e80000, 0x00000000e0000000)
  object space 129536K, 78% used [0x00000000a0000000,0x00000000a63ac608,0x00000000a7e80000)
 Metaspace       used 79767K, capacity 83034K, committed 83160K, reserved 1122304K
  class space    used 10540K, capacity 11180K, committed 11224K, reserved 1048576K
}
Event: 22.115 GC heap before
{Heap before GC invocations=23 (full 3):
 PSYoungGen      total 347648K, used 316432K [0x00000000e0000000, 0x00000000fbe00000, 0x0000000100000000)
  eden space 313344K, 100% used [0x00000000e0000000,0x00000000f3200000,0x00000000f3200000)
  from space 34304K, 9% used [0x00000000f3200000,0x00000000f3504030,0x00000000f5380000)
  to   space 34816K, 0% used [0x00000000f9c00000,0x00000000f9c00000,0x00000000fbe00000)
 ParOldGen       total 129536K, used 102065K [0x00000000a0000000, 0x00000000a7e80000, 0x00000000e0000000)
  object space 129536K, 78% used [0x00000000a0000000,0x00000000a63ac608,0x00000000a7e80000)
 Metaspace       used 79887K, capacity 83136K, committed 83416K, reserved 1122304K
  class space    used 10548K, capacity 11185K, committed 11224K, reserved 1048576K
Event: 22.129 GC heap after
Heap after GC invocations=23 (full 3):
 PSYoungGen      total 419840K, used 13039K [0x00000000e0000000, 0x00000000fbb00000, 0x0000000100000000)
  eden space 388096K, 0% used [0x00000000e0000000,0x00000000e0000000,0x00000000f7b00000)
  from space 31744K, 41% used [0x00000000f9c00000,0x00000000fa8bbe70,0x00000000fbb00000)
  to   space 32768K, 0% used [0x00000000f7b00000,0x00000000f7b00000,0x00000000f9b00000)
 ParOldGen       total 129536K, used 103516K [0x00000000a0000000, 0x00000000a7e80000, 0x00000000e0000000)
  object space 129536K, 79% used [0x00000000a0000000,0x00000000a6517098,0x00000000a7e80000)
 Metaspace       used 79887K, capacity 83136K, committed 83416K, reserved 1122304K
  class space    used 10548K, capacity 11185K, committed 11224K, reserved 1048576K
}
Event: 22.978 GC heap before
{Heap before GC invocations=24 (full 3):
 PSYoungGen      total 419840K, used 401045K [0x00000000e0000000, 0x00000000fbb00000, 0x0000000100000000)
  eden space 388096K, 99% used [0x00000000e0000000,0x00000000f7ae98d8,0x00000000f7b00000)
  from space 31744K, 41% used [0x00000000f9c00000,0x00000000fa8bbe70,0x00000000fbb00000)
  to   space 32768K, 0% used [0x00000000f7b00000,0x00000000f7b00000,0x00000000f9b00000)
 ParOldGen       total 129536K, used 103516K [0x00000000a0000000, 0x00000000a7e80000, 0x00000000e0000000)
  object space 129536K, 79% used [0x00000000a0000000,0x00000000a6517098,0x00000000a7e80000)
 Metaspace       used 80264K, capacity 83590K, committed 83800K, reserved 1122304K
  class space    used 10586K, capacity 11238K, committed 11352K, reserved 1048576K
Event: 22.988 GC heap after
Heap after GC invocations=24 (full 3):
 PSYoungGen      total 420864K, used 10723K [0x00000000e0000000, 0x00000000fff00000, 0x0000000100000000)
  eden space 388096K, 0% used [0x00000000e0000000,0x00000000e0000000,0x00000000f7b00000)
  from space 32768K, 32% used [0x00000000f7b00000,0x00000000f8578fa0,0x00000000f9b00000)
  to   space 31744K, 0% used [0x00000000fe000000,0x00000000fe000000,0x00000000fff00000)
 ParOldGen       total 129536K, used 105602K [0x00000000a0000000, 0x00000000a7e80000, 0x00000000e0000000)
  object space 129536K, 81% used [0x00000000a0000000,0x00000000a6720ac0,0x00000000a7e80000)
 Metaspace       used 80264K, capacity 83590K, committed 83800K, reserved 1122304K
  class space    used 10586K, capacity 11238K, committed 11352K, reserved 1048576K
}
Event: 24.462 GC heap before
{Heap before GC invocations=25 (full 3):
 PSYoungGen      total 420864K, used 398819K [0x00000000e0000000, 0x00000000fff00000, 0x0000000100000000)
  eden space 388096K, 100% used [0x00000000e0000000,0x00000000f7b00000,0x00000000f7b00000)
  from space 32768K, 32% used [0x00000000f7b00000,0x00000000f8578fa0,0x00000000f9b00000)
  to   space 31744K, 0% used [0x00000000fe000000,0x00000000fe000000,0x00000000fff00000)
 ParOldGen       total 129536K, used 105602K [0x00000000a0000000, 0x00000000a7e80000, 0x00000000e0000000)
  object space 129536K, 81% used [0x00000000a0000000,0x00000000a6720ac0,0x00000000a7e80000)
 Metaspace       used 80879K, capacity 84296K, committed 84568K, reserved 1122304K
  class space    used 10636K, capacity 11327K, committed 11352K, reserved 1048576K
Event: 24.473 GC heap after
Heap after GC invocations=25 (full 3):
 PSYoungGen      total 488448K, used 23820K [0x00000000e0000000, 0x0000000100000000, 0x0000000100000000)
  eden space 456704K, 0% used [0x00000000e0000000,0x00000000e0000000,0x00000000fbe00000)
  from space 31744K, 75% used [0x00000000fe000000,0x00000000ff743160,0x00000000fff00000)
  to   space 33792K, 0% used [0x00000000fbe00000,0x00000000fbe00000,0x00000000fdf00000)
 ParOldGen       total 129536K, used 106729K [0x00000000a0000000, 0x00000000a7e80000, 0x00000000e0000000)
  object space 129536K, 82% used [0x00000000a0000000,0x00000000a683a4d0,0x00000000a7e80000)
 Metaspace       used 80879K, capacity 84296K, committed 84568K, reserved 1122304K
  class space    used 10636K, capacity 11327K, committed 11352K, reserved 1048576K
}
Event: 26.946 GC heap before
{Heap before GC invocations=26 (full 3):
 PSYoungGen      total 488448K, used 480524K [0x00000000e0000000, 0x0000000100000000, 0x0000000100000000)
  eden space 456704K, 100% used [0x00000000e0000000,0x00000000fbe00000,0x00000000fbe00000)
  from space 31744K, 75% used [0x00000000fe000000,0x00000000ff743160,0x00000000fff00000)
  to   space 33792K, 0% used [0x00000000fbe00000,0x00000000fbe00000,0x00000000fdf00000)
 ParOldGen       total 129536K, used 106729K [0x00000000a0000000, 0x00000000a7e80000, 0x00000000e0000000)
  object space 129536K, 82% used [0x00000000a0000000,0x00000000a683a4d0,0x00000000a7e80000)
 Metaspace       used 82054K, capacity 85664K, committed 85848K, reserved 1124352K
  class space    used 10773K, capacity 11487K, committed 11608K, reserved 1048576K
Event: 26.951 GC heap after
Heap after GC invocations=26 (full 3):
 PSYoungGen      total 490496K, used 3494K [0x00000000e0000000, 0x0000000100000000, 0x0000000100000000)
  eden space 456704K, 0% used [0x00000000e0000000,0x00000000e0000000,0x00000000fbe00000)
  from space 33792K, 10% used [0x00000000fbe00000,0x00000000fc169860,0x00000000fdf00000)
  to   space 33792K, 0% used [0x00000000fdf00000,0x00000000fdf00000,0x0000000100000000)
 ParOldGen       total 129536K, used 106958K [0x00000000a0000000, 0x00000000a7e80000, 0x00000000e0000000)
  object space 129536K, 82% used [0x00000000a0000000,0x00000000a6873840,0x00000000a7e80000)
 Metaspace       used 82054K, capacity 85664K, committed 85848K, reserved 1124352K
  class space    used 10773K, capacity 11487K, committed 11608K, reserved 1048576K
}

