# JRE version: OpenJDK Runtime Environment (8.0_152-b01) (build 1.8.0_152-release-1343-b01)
# Java VM: OpenJDK 64-Bit Server VM (25.152-b01 mixed mode windows-amd64 compressed oops)
Heap:
 PSYoungGen      total 338432K, used 291697K [0x00000000e0000000, 0x00000000f9700000, 0x0000000100000000)
  eden space 288256K, 99% used [0x00000000e0000000,0x00000000f17b32f0,0x00000000f1980000)
  from space 50176K, 10% used [0x00000000f1980000,0x00000000f1ea9248,0x00000000f4a80000)
  to   space 50688K, 0% used [0x00000000f4a80000,0x00000000f4a80000,0x00000000f7c00000)
 ParOldGen       total 228864K, used 91896K [0x00000000a0000000, 0x00000000adf80000, 0x00000000e0000000)
  object space 228864K, 40% used [0x00000000a0000000,0x00000000a59be218,0x00000000adf80000)
 Metaspace       used 105415K, capacity 109404K, committed 109736K, reserved 1144832K
  class space    used 13251K, capacity 14041K, committed 14256K, reserved 1048576K
GC Heap History (10 events):
Event: 2578.540 GC heap before
{Heap before GC invocations=25 (full 4):
 PSYoungGen      total 239104K, used 235163K [0x00000000e0000000, 0x00000000f2c00000, 0x0000000100000000)
  eden space 198144K, 100% used [0x00000000e0000000,0x00000000ec180000,0x00000000ec180000)
  from space 40960K, 90% used [0x00000000eee00000,0x00000000f1226eb0,0x00000000f1600000)
  to   space 45568K, 0% used [0x00000000ec180000,0x00000000ec180000,0x00000000eee00000)
 ParOldGen       total 228864K, used 64910K [0x00000000a0000000, 0x00000000adf80000, 0x00000000e0000000)
  object space 228864K, 28% used [0x00000000a0000000,0x00000000a3f638a8,0x00000000adf80000)
 Metaspace       used 102540K, capacity 105992K, committed 106792K, reserved 1142784K
  class space    used 12972K, capacity 13713K, committed 13872K, reserved 1048576K
Event: 2578.565 GC heap after
Heap after GC invocations=25 (full 4):
 PSYoungGen      total 243712K, used 37105K [0x00000000e0000000, 0x00000000f4500000, 0x0000000100000000)
  eden space 198144K, 0% used [0x00000000e0000000,0x00000000e0000000,0x00000000ec180000)
  from space 45568K, 81% used [0x00000000ec180000,0x00000000ee5bc4f8,0x00000000eee00000)
  to   space 49664K, 0% used [0x00000000f1480000,0x00000000f1480000,0x00000000f4500000)
 ParOldGen       total 228864K, used 64918K [0x00000000a0000000, 0x00000000adf80000, 0x00000000e0000000)
  object space 228864K, 28% used [0x00000000a0000000,0x00000000a3f658a8,0x00000000adf80000)
 Metaspace       used 102540K, capacity 105992K, committed 106792K, reserved 1142784K
  class space    used 12972K, capacity 13713K, committed 13872K, reserved 1048576K
}
Event: 2578.947 GC heap before
{Heap before GC invocations=26 (full 4):
 PSYoungGen      total 243712K, used 235249K [0x00000000e0000000, 0x00000000f4500000, 0x0000000100000000)
  eden space 198144K, 100% used [0x00000000e0000000,0x00000000ec180000,0x00000000ec180000)
  from space 45568K, 81% used [0x00000000ec180000,0x00000000ee5bc4f8,0x00000000eee00000)
  to   space 49664K, 0% used [0x00000000f1480000,0x00000000f1480000,0x00000000f4500000)
 ParOldGen       total 228864K, used 64918K [0x00000000a0000000, 0x00000000adf80000, 0x00000000e0000000)
  object space 228864K, 28% used [0x00000000a0000000,0x00000000a3f658a8,0x00000000adf80000)
 Metaspace       used 103571K, capacity 107144K, committed 107688K, reserved 1142784K
  class space    used 13109K, capacity 13857K, committed 14000K, reserved 1048576K
Event: 2578.979 GC heap after
Heap after GC invocations=26 (full 4):
 PSYoungGen      total 281088K, used 36127K [0x00000000e0000000, 0x00000000f5480000, 0x0000000100000000)
  eden space 231424K, 0% used [0x00000000e0000000,0x00000000e0000000,0x00000000ee200000)
  from space 49664K, 72% used [0x00000000f1480000,0x00000000f37c7c68,0x00000000f4500000)
  to   space 51712K, 0% used [0x00000000ee200000,0x00000000ee200000,0x00000000f1480000)
 ParOldGen       total 228864K, used 64926K [0x00000000a0000000, 0x00000000adf80000, 0x00000000e0000000)
  object space 228864K, 28% used [0x00000000a0000000,0x00000000a3f678a8,0x00000000adf80000)
 Metaspace       used 103571K, capacity 107144K, committed 107688K, reserved 1142784K
  class space    used 13109K, capacity 13857K, committed 14000K, reserved 1048576K
}
Event: 2579.393 GC heap before
{Heap before GC invocations=27 (full 4):
 PSYoungGen      total 281088K, used 267551K [0x00000000e0000000, 0x00000000f5480000, 0x0000000100000000)
  eden space 231424K, 100% used [0x00000000e0000000,0x00000000ee200000,0x00000000ee200000)
  from space 49664K, 72% used [0x00000000f1480000,0x00000000f37c7c68,0x00000000f4500000)
  to   space 51712K, 0% used [0x00000000ee200000,0x00000000ee200000,0x00000000f1480000)
 ParOldGen       total 228864K, used 64928K [0x00000000a0000000, 0x00000000adf80000, 0x00000000e0000000)
  object space 228864K, 28% used [0x00000000a0000000,0x00000000a3f680b0,0x00000000adf80000)
 Metaspace       used 104944K, capacity 108904K, committed 109096K, reserved 1144832K
  class space    used 13225K, capacity 14001K, committed 14128K, reserved 1048576K
Event: 2579.413 GC heap after
Heap after GC invocations=27 (full 4):
 PSYoungGen      total 283136K, used 13781K [0x00000000e0000000, 0x00000000f7c00000, 0x0000000100000000)
  eden space 231424K, 0% used [0x00000000e0000000,0x00000000e0000000,0x00000000ee200000)
  from space 51712K, 26% used [0x00000000ee200000,0x00000000eef75518,0x00000000f1480000)
  to   space 50688K, 0% used [0x00000000f4a80000,0x00000000f4a80000,0x00000000f7c00000)
 ParOldGen       total 228864K, used 83429K [0x00000000a0000000, 0x00000000adf80000, 0x00000000e0000000)
  object space 228864K, 36% used [0x00000000a0000000,0x00000000a51794c0,0x00000000adf80000)
 Metaspace       used 104944K, capacity 108904K, committed 109096K, reserved 1144832K
  class space    used 13225K, capacity 14001K, committed 14128K, reserved 1048576K
}
Event: 2579.413 GC heap before
{Heap before GC invocations=28 (full 4):
 PSYoungGen      total 283136K, used 16085K [0x00000000e0000000, 0x00000000f7c00000, 0x0000000100000000)
  eden space 231424K, 0% used [0x00000000e0000000,0x00000000e023ff80,0x00000000ee200000)
  from space 51712K, 26% used [0x00000000ee200000,0x00000000eef75518,0x00000000f1480000)
  to   space 50688K, 0% used [0x00000000f4a80000,0x00000000f4a80000,0x00000000f7c00000)
 ParOldGen       total 228864K, used 83429K [0x00000000a0000000, 0x00000000adf80000, 0x00000000e0000000)
  object space 228864K, 36% used [0x00000000a0000000,0x00000000a51794c0,0x00000000adf80000)
 Metaspace       used 104944K, capacity 108904K, committed 109096K, reserved 1144832K
  class space    used 13225K, capacity 14001K, committed 14128K, reserved 1048576K
Event: 2579.423 GC heap after
Heap after GC invocations=28 (full 4):
 PSYoungGen      total 338944K, used 9275K [0x00000000e0000000, 0x00000000f9700000, 0x0000000100000000)
  eden space 288256K, 0% used [0x00000000e0000000,0x00000000e0000000,0x00000000f1980000)
  from space 50688K, 18% used [0x00000000f4a80000,0x00000000f538ee48,0x00000000f7c00000)
  to   space 50176K, 0% used [0x00000000f1980000,0x00000000f1980000,0x00000000f4a80000)
 ParOldGen       total 228864K, used 86766K [0x00000000a0000000, 0x00000000adf80000, 0x00000000e0000000)
  object space 228864K, 37% used [0x00000000a0000000,0x00000000a54bb960,0x00000000adf80000)
 Metaspace       used 104944K, capacity 108904K, committed 109096K, reserved 1144832K
  class space    used 13225K, capacity 14001K, committed 14128K, reserved 1048576K
}
Event: 2579.683 GC heap before
{Heap before GC invocations=29 (full 4):
 PSYoungGen      total 338944K, used 297531K [0x00000000e0000000, 0x00000000f9700000, 0x0000000100000000)
  eden space 288256K, 100% used [0x00000000e0000000,0x00000000f1980000,0x00000000f1980000)
  from space 50688K, 18% used [0x00000000f4a80000,0x00000000f538ee48,0x00000000f7c00000)
  to   space 50176K, 0% used [0x00000000f1980000,0x00000000f1980000,0x00000000f4a80000)
 ParOldGen       total 228864K, used 86766K [0x00000000a0000000, 0x00000000adf80000, 0x00000000e0000000)
  object space 228864K, 37% used [0x00000000a0000000,0x00000000a54bb960,0x00000000adf80000)
 Metaspace       used 105178K, capacity 109166K, committed 109480K, reserved 1144832K
  class space    used 13243K, capacity 14036K, committed 14256K, reserved 1048576K
Event: 2579.694 GC heap after
Heap after GC invocations=29 (full 4):
 PSYoungGen      total 338432K, used 5284K [0x00000000e0000000, 0x00000000f9700000, 0x0000000100000000)
  eden space 288256K, 0% used [0x00000000e0000000,0x00000000e0000000,0x00000000f1980000)
  from space 50176K, 10% used [0x00000000f1980000,0x00000000f1ea9248,0x00000000f4a80000)
  to   space 50688K, 0% used [0x00000000f4a80000,0x00000000f4a80000,0x00000000f7c00000)
 ParOldGen       total 228864K, used 91896K [0x00000000a0000000, 0x00000000adf80000, 0x00000000e0000000)
  object space 228864K, 40% used [0x00000000a0000000,0x00000000a59be218,0x00000000adf80000)
 Metaspace       used 105178K, capacity 109166K, committed 109480K, reserved 1144832K
  class space    used 13243K, capacity 14036K, committed 14256K, reserved 1048576K
}

