# JRE version: OpenJDK Runtime Environment (8.0_152-b01) (build 1.8.0_152-release-1343-b01)
# Java VM: OpenJDK 64-Bit Server VM (25.152-b01 mixed mode windows-amd64 compressed oops)
Heap:
 PSYoungGen      total 438784K, used 110413K [0x00000000e0000000, 0x00000000fd880000, 0x0000000100000000)
  eden space 393728K, 28% used [0x00000000e0000000,0x00000000e6bd3788,0x00000000f8080000)
  from space 45056K, 0% used [0x00000000f8080000,0x00000000f8080000,0x00000000fac80000)
  to   space 37376K, 0% used [0x00000000faf80000,0x00000000faf80000,0x00000000fd400000)
 ParOldGen       total 129536K, used 75386K [0x00000000a0000000, 0x00000000a7e80000, 0x00000000e0000000)
  object space 129536K, 58% used [0x00000000a0000000,0x00000000a499e898,0x00000000a7e80000)
 Metaspace       used 94245K, capacity 97829K, committed 99624K, reserved 1136640K
  class space    used 12253K, capacity 12962K, committed 13352K, reserved 1048576K
GC Heap History (10 events):
Event: 36.736 GC heap before
{Heap before GC invocations=17 (full 3):
 PSYoungGen      total 278016K, used 277962K [0x00000000e0000000, 0x00000000f7880000, 0x0000000100000000)
  eden space 256000K, 99% used [0x00000000e0000000,0x00000000ef9f84b8,0x00000000efa00000)
  from space 22016K, 99% used [0x00000000efa00000,0x00000000f0f7a710,0x00000000f0f80000)
  to   space 27648K, 0% used [0x00000000f5d80000,0x00000000f5d80000,0x00000000f7880000)
 ParOldGen       total 129536K, used 36462K [0x00000000a0000000, 0x00000000a7e80000, 0x00000000e0000000)
  object space 129536K, 28% used [0x00000000a0000000,0x00000000a239b9a0,0x00000000a7e80000)
 Metaspace       used 70015K, capacity 72580K, committed 72744K, reserved 1112064K
  class space    used 9389K, capacity 9931K, committed 10024K, reserved 1048576K
Event: 36.758 GC heap after
Heap after GC invocations=17 (full 3):
 PSYoungGen      total 346624K, used 27630K [0x00000000e0000000, 0x00000000f9380000, 0x0000000100000000)
  eden space 318976K, 0% used [0x00000000e0000000,0x00000000e0000000,0x00000000f3780000)
  from space 27648K, 99% used [0x00000000f5d80000,0x00000000f787b960,0x00000000f7880000)
  to   space 38912K, 0% used [0x00000000f3780000,0x00000000f3780000,0x00000000f5d80000)
 ParOldGen       total 129536K, used 56383K [0x00000000a0000000, 0x00000000a7e80000, 0x00000000e0000000)
  object space 129536K, 43% used [0x00000000a0000000,0x00000000a370ff88,0x00000000a7e80000)
 Metaspace       used 70015K, capacity 72580K, committed 72744K, reserved 1112064K
  class space    used 9389K, capacity 9931K, committed 10024K, reserved 1048576K
}
Event: 225.445 GC heap before
{Heap before GC invocations=18 (full 3):
 PSYoungGen      total 346624K, used 346606K [0x00000000e0000000, 0x00000000f9380000, 0x0000000100000000)
  eden space 318976K, 100% used [0x00000000e0000000,0x00000000f3780000,0x00000000f3780000)
  from space 27648K, 99% used [0x00000000f5d80000,0x00000000f787b960,0x00000000f7880000)
  to   space 38912K, 0% used [0x00000000f3780000,0x00000000f3780000,0x00000000f5d80000)
 ParOldGen       total 129536K, used 56383K [0x00000000a0000000, 0x00000000a7e80000, 0x00000000e0000000)
  object space 129536K, 43% used [0x00000000a0000000,0x00000000a370ff88,0x00000000a7e80000)
 Metaspace       used 77479K, capacity 80278K, committed 80424K, reserved 1118208K
  class space    used 10140K, capacity 10730K, committed 10792K, reserved 1048576K
Event: 225.463 GC heap after
Heap after GC invocations=18 (full 3):
 PSYoungGen      total 357888K, used 14374K [0x00000000e0000000, 0x00000000fd400000, 0x0000000100000000)
  eden space 318976K, 0% used [0x00000000e0000000,0x00000000e0000000,0x00000000f3780000)
  from space 38912K, 36% used [0x00000000f3780000,0x00000000f4589af0,0x00000000f5d80000)
  to   space 37376K, 0% used [0x00000000faf80000,0x00000000faf80000,0x00000000fd400000)
 ParOldGen       total 129536K, used 65106K [0x00000000a0000000, 0x00000000a7e80000, 0x00000000e0000000)
  object space 129536K, 50% used [0x00000000a0000000,0x00000000a3f94a50,0x00000000a7e80000)
 Metaspace       used 77479K, capacity 80278K, committed 80424K, reserved 1118208K
  class space    used 10140K, capacity 10730K, committed 10792K, reserved 1048576K
}
Event: 231.279 GC heap before
{Heap before GC invocations=19 (full 3):
 PSYoungGen      total 357888K, used 333350K [0x00000000e0000000, 0x00000000fd400000, 0x0000000100000000)
  eden space 318976K, 100% used [0x00000000e0000000,0x00000000f3780000,0x00000000f3780000)
  from space 38912K, 36% used [0x00000000f3780000,0x00000000f4589af0,0x00000000f5d80000)
  to   space 37376K, 0% used [0x00000000faf80000,0x00000000faf80000,0x00000000fd400000)
 ParOldGen       total 129536K, used 65143K [0x00000000a0000000, 0x00000000a7e80000, 0x00000000e0000000)
  object space 129536K, 50% used [0x00000000a0000000,0x00000000a3f9df50,0x00000000a7e80000)
 Metaspace       used 85534K, capacity 88502K, committed 88744K, reserved 1126400K
  class space    used 11072K, capacity 11654K, committed 11688K, reserved 1048576K
Event: 231.318 GC heap after
Heap after GC invocations=19 (full 3):
 PSYoungGen      total 431104K, used 37374K [0x00000000e0000000, 0x00000000fd880000, 0x0000000100000000)
  eden space 393728K, 0% used [0x00000000e0000000,0x00000000e0000000,0x00000000f8080000)
  from space 37376K, 99% used [0x00000000faf80000,0x00000000fd3ffb40,0x00000000fd400000)
  to   space 45056K, 0% used [0x00000000f8080000,0x00000000f8080000,0x00000000fac80000)
 ParOldGen       total 129536K, used 70824K [0x00000000a0000000, 0x00000000a7e80000, 0x00000000e0000000)
  object space 129536K, 54% used [0x00000000a0000000,0x00000000a452a100,0x00000000a7e80000)
 Metaspace       used 85534K, capacity 88502K, committed 88744K, reserved 1126400K
  class space    used 11072K, capacity 11654K, committed 11688K, reserved 1048576K
}
Event: 232.384 GC heap before
{Heap before GC invocations=20 (full 3):
 PSYoungGen      total 431104K, used 148407K [0x00000000e0000000, 0x00000000fd880000, 0x0000000100000000)
  eden space 393728K, 28% used [0x00000000e0000000,0x00000000e6c6e148,0x00000000f8080000)
  from space 37376K, 99% used [0x00000000faf80000,0x00000000fd3ffb40,0x00000000fd400000)
  to   space 45056K, 0% used [0x00000000f8080000,0x00000000f8080000,0x00000000fac80000)
 ParOldGen       total 129536K, used 70824K [0x00000000a0000000, 0x00000000a7e80000, 0x00000000e0000000)
  object space 129536K, 54% used [0x00000000a0000000,0x00000000a452a100,0x00000000a7e80000)
 Metaspace       used 93909K, capacity 98547K, committed 98600K, reserved 1134592K
  class space    used 12301K, capacity 13171K, committed 13224K, reserved 1048576K
Event: 232.414 GC heap after
Heap after GC invocations=20 (full 3):
 PSYoungGen      total 438784K, used 19348K [0x00000000e0000000, 0x00000000fd880000, 0x0000000100000000)
  eden space 393728K, 0% used [0x00000000e0000000,0x00000000e0000000,0x00000000f8080000)
  from space 45056K, 42% used [0x00000000f8080000,0x00000000f9365310,0x00000000fac80000)
  to   space 37376K, 0% used [0x00000000faf80000,0x00000000faf80000,0x00000000fd400000)
 ParOldGen       total 129536K, used 84793K [0x00000000a0000000, 0x00000000a7e80000, 0x00000000e0000000)
  object space 129536K, 65% used [0x00000000a0000000,0x00000000a52ce450,0x00000000a7e80000)
 Metaspace       used 93909K, capacity 98547K, committed 98600K, reserved 1134592K
  class space    used 12301K, capacity 13171K, committed 13224K, reserved 1048576K
}
Event: 232.414 GC heap before
{Heap before GC invocations=21 (full 4):
 PSYoungGen      total 438784K, used 19348K [0x00000000e0000000, 0x00000000fd880000, 0x0000000100000000)
  eden space 393728K, 0% used [0x00000000e0000000,0x00000000e0000000,0x00000000f8080000)
  from space 45056K, 42% used [0x00000000f8080000,0x00000000f9365310,0x00000000fac80000)
  to   space 37376K, 0% used [0x00000000faf80000,0x00000000faf80000,0x00000000fd400000)
 ParOldGen       total 129536K, used 84793K [0x00000000a0000000, 0x00000000a7e80000, 0x00000000e0000000)
  object space 129536K, 65% used [0x00000000a0000000,0x00000000a52ce450,0x00000000a7e80000)
 Metaspace       used 93909K, capacity 98547K, committed 98600K, reserved 1134592K
  class space    used 12301K, capacity 13171K, committed 13224K, reserved 1048576K
Event: 232.554 GC heap after
Heap after GC invocations=21 (full 4):
 PSYoungGen      total 438784K, used 0K [0x00000000e0000000, 0x00000000fd880000, 0x0000000100000000)
  eden space 393728K, 0% used [0x00000000e0000000,0x00000000e0000000,0x00000000f8080000)
  from space 45056K, 0% used [0x00000000f8080000,0x00000000f8080000,0x00000000fac80000)
  to   space 37376K, 0% used [0x00000000faf80000,0x00000000faf80000,0x00000000fd400000)
 ParOldGen       total 129536K, used 75386K [0x00000000a0000000, 0x00000000a7e80000, 0x00000000e0000000)
  object space 129536K, 58% used [0x00000000a0000000,0x00000000a499e898,0x00000000a7e80000)
 Metaspace       used 93183K, capacity 96605K, committed 98600K, reserved 1134592K
  class space    used 12052K, capacity 12736K, committed 13224K, reserved 1048576K
}

